<?xml version="1.0" encoding="UTF-8"?>
<!-- Generated by org.testng.reporters.JUnitReportReporter -->
<testsuite skipped="0" hostname="LAPTOP-SJQUN0GA" name="test.com.automation.Webelement" tests="1" failures="0" timestamp="01 Mar 2023 06:56:22 GMT" time="10.283" errors="0">
  <testcase name="sum" time="10.283" classname="test.com.automation.Webelement"/>
</testsuite> <!-- test.com.automation.Webelement -->
