<?xml version="1.0" encoding="UTF-8"?>
<!-- Generated by org.testng.reporters.JUnitReportReporter -->
<testsuite hostname="LAPTOP-SJQUN0GA" failures="0" tests="1" name="com.test.LoginPageTest" time="5.231" errors="0" timestamp="2023-05-15T18:15:35 IST" skipped="0">
  <testcase classname="com.test.LoginPageTest" name="validateLogin" time="5.231"/>
  <system-out/>
</testsuite> <!-- com.test.LoginPageTest -->
