<?xml version="1.0" encoding="UTF-8"?>
<!-- Generated by org.testng.reporters.JUnitReportReporter -->
<testsuite hostname="LAPTOP-SJQUN0GA" failures="0" tests="1" name="com.test.LoginPageTest" time="6.822" errors="0" timestamp="2023-05-10T00:43:03 IST" skipped="0">
  <testcase classname="com.test.LoginPageTest" name="validateLogin" time="6.822"/>
  <system-out/>
</testsuite> <!-- com.test.LoginPageTest -->
