<?xml version="1.0" encoding="UTF-8"?>
<!-- Generated by org.testng.reporters.JUnitReportReporter -->
<testsuite hostname="LAPTOP-SJQUN0GA" failures="0" tests="5" name="com.test.ProductPageTest" time="0.000" errors="0" timestamp="2023-05-08T17:33:10 IST" skipped="5">
  <testcase classname="com.test.ProductPageTest" name="validateTheElementInAddProductPopup" time="0.000">
    <skipped/>
  </testcase> <!-- validateTheElementInAddProductPopup -->
  <system-out/>
  <testcase classname="com.test.ProductPageTest" name="validatenAddStoresPopUpfields" time="0.000">
    <skipped/>
  </testcase> <!-- validatenAddStoresPopUpfields -->
  <system-out/>
  <testcase classname="com.test.ProductPageTest" name="validateValueEntredInAddProductPopUpIsSaved" time="0.000">
    <skipped/>
  </testcase> <!-- validateValueEntredInAddProductPopUpIsSaved -->
  <system-out/>
  <testcase classname="com.test.ProductPageTest" name="validateEditFunctionOfExistingRecord" time="0.000">
    <skipped/>
  </testcase> <!-- validateEditFunctionOfExistingRecord -->
  <system-out/>
  <testcase classname="com.test.ProductPageTest" name="validateDeleteFunctiongOfExistingRecord" time="0.000">
    <skipped/>
  </testcase> <!-- validateDeleteFunctiongOfExistingRecord -->
  <system-out/>
</testsuite> <!-- com.test.ProductPageTest -->
