<?xml version="1.0" encoding="UTF-8"?>
<!-- Generated by org.testng.reporters.JUnitReportReporter -->
<testsuite hostname="LAPTOP-SJQUN0GA" failures="0" tests="2" name="com.test.ProductPageTest" time="0.000" errors="0" timestamp="2023-05-01T14:51:40 IST" skipped="2">
  <testcase classname="com.test.ProductPageTest" name="validateTheElementInAddProductPopup" time="0.000">
    <skipped/>
  </testcase> <!-- validateTheElementInAddProductPopup -->
  <system-out/>
  <testcase classname="com.test.ProductPageTest" name="validatenAddStoresPopUpfields" time="0.000">
    <skipped/>
  </testcase> <!-- validatenAddStoresPopUpfields -->
  <system-out/>
</testsuite> <!-- com.test.ProductPageTest -->
