<?xml version="1.0" encoding="UTF-8"?>
<!-- Generated by org.testng.reporters.JUnitReportReporter -->
<testsuite hostname="LAPTOP-SJQUN0GA" failures="0" tests="1" name="com.test.LoginPageTest" time="2.534" errors="0" timestamp="2023-05-23T21:32:41 IST" skipped="0">
  <testcase classname="com.test.LoginPageTest" name="validateLogin" time="2.534"/>
  <system-out/>
</testsuite> <!-- com.test.LoginPageTest -->
