<?xml version="1.0" encoding="UTF-8"?>
<!-- Generated by org.testng.reporters.JUnitReportReporter -->
<testsuite hostname="LAPTOP-SJQUN0GA" failures="0" tests="2" name="com.test.LoginPageTest" time="67.098" errors="1" timestamp="2023-05-04T20:59:58 IST" skipped="1">
  <testcase classname="com.test.LoginPageTest" name="validateLogin" time="0.000">
    <skipped/>
  </testcase> <!-- validateLogin -->
  <system-out/>
  <testcase classname="com.test.LoginPageTest" name="preRun" time="67.098">
    <error message="java.lang.NullPointerException: Cannot invoke &quot;com.utils.WebBrowserUtils.maximizeWebPageSize(org.openqa.selenium.WebDriver)&quot; because &quot;this.webbrowser&quot; is null" type="java.lang.Exception">
      <![CDATA[java.lang.Exception: java.lang.NullPointerException: Cannot invoke "com.utils.WebBrowserUtils.maximizeWebPageSize(org.openqa.selenium.WebDriver)" because "this.webbrowser" is null
at com.base.AutomationBase.launchChromeBrowser(AutomationBase.java:73)
at com.base.AutomationBase.launchBrowser(AutomationBase.java:44)
at com.base.AutomationBase.preRun(AutomationBase.java:32)
at java.base/jdk.internal.reflect.NativeMethodAccessorImpl.invoke0(Native Method)
at java.base/jdk.internal.reflect.NativeMethodAccessorImpl.invoke(NativeMethodAccessorImpl.java:77)
at java.base/jdk.internal.reflect.DelegatingMethodAccessorImpl.invoke(DelegatingMethodAccessorImpl.java:43)
at java.base/java.lang.reflect.Method.invoke(Method.java:568)
at org.testng.internal.invokers.MethodInvocationHelper.invokeMethod(MethodInvocationHelper.java:139)
at org.testng.internal.invokers.MethodInvocationHelper.invokeMethodConsideringTimeout(MethodInvocationHelper.java:69)
at org.testng.internal.invokers.ConfigInvoker.invokeConfigurationMethod(ConfigInvoker.java:361)
at org.testng.internal.invokers.ConfigInvoker.invokeConfigurations(ConfigInvoker.java:296)
at org.testng.TestRunner.invokeTestConfigurations(TestRunner.java:644)
at org.testng.TestRunner.beforeRun(TestRunner.java:633)
at org.testng.TestRunner.run(TestRunner.java:595)
at org.testng.SuiteRunner.runTest(SuiteRunner.java:437)
at org.testng.SuiteRunner.runSequentially(SuiteRunner.java:431)
at org.testng.SuiteRunner.privateRun(SuiteRunner.java:391)
at org.testng.SuiteRunner.run(SuiteRunner.java:330)
at org.testng.SuiteRunnerWorker.runSuite(SuiteRunnerWorker.java:52)
at org.testng.SuiteRunnerWorker.run(SuiteRunnerWorker.java:95)
at org.testng.TestNG.runSuitesSequentially(TestNG.java:1256)
at org.testng.TestNG.runSuitesLocally(TestNG.java:1176)
at org.testng.TestNG.runSuites(TestNG.java:1099)
at org.testng.TestNG.run(TestNG.java:1067)
at org.testng.remote.AbstractRemoteTestNG.run(AbstractRemoteTestNG.java:115)
at org.testng.remote.RemoteTestNG.initAndRun(RemoteTestNG.java:251)
at org.testng.remote.RemoteTestNG.main(RemoteTestNG.java:77)
Caused by: java.lang.NullPointerException: Cannot invoke "com.utils.WebBrowserUtils.maximizeWebPageSize(org.openqa.selenium.WebDriver)" because "this.webbrowser" is null
at com.base.AutomationBase.launchChromeBrowser(AutomationBase.java:71)
... 26 more
]]>
    </error>
  </testcase> <!-- preRun -->
  <system-out/>
</testsuite> <!-- com.test.LoginPageTest -->
