<?xml version="1.0" encoding="UTF-8"?>
<!-- Generated by org.testng.reporters.JUnitReportReporter -->
<testsuite hostname="LAPTOP-SJQUN0GA" failures="0" tests="1" name="com.test.HomePageTest" time="0.000" errors="0" timestamp="2023-05-08T17:33:10 IST" skipped="1">
  <testcase classname="com.test.HomePageTest" name="validateMenuLinksDisplayedInHomePage" time="0.000">
    <skipped/>
  </testcase> <!-- validateMenuLinksDisplayedInHomePage -->
  <system-out/>
</testsuite> <!-- com.test.HomePageTest -->
