<?xml version="1.0" encoding="UTF-8"?>
<!-- Generated by org.testng.reporters.JUnitReportReporter -->
<testsuite hostname="DESKTOP-UJ2963A" failures="0" tests="6" name="com.test.PeopleWaiterPageTest" time="-1685435392.000" errors="2" timestamp="2023-05-30T01:30:13 GMT-07:00" skipped="4">
  <testcase classname="com.test.PeopleWaiterPageTest" name="grouping" time="-1685435392.000">
    <error message="
Parameter &#039;browserName&#039; is required by BeforeGroups on method grouping but has not been marked @Optional or defined
in C:\Users\user\git\obsquareSeliniumRepo\Framework\group.xml" type="org.testng.TestNGException">
      <![CDATA[org.testng.TestNGException: 
Parameter 'browserName' is required by BeforeGroups on method grouping but has not been marked @Optional or defined
in C:\Users\user\git\obsquareSeliniumRepo\Framework\group.xml
at org.testng.internal.Parameters.createParams(Parameters.java:267)
at org.testng.internal.Parameters.createParametersForMethod(Parameters.java:355)
at org.testng.internal.Parameters.createParameters(Parameters.java:684)
at org.testng.internal.Parameters.createConfigurationParameters(Parameters.java:166)
at org.testng.internal.invokers.ConfigInvoker.invokeConfigurations(ConfigInvoker.java:277)
at org.testng.internal.invokers.ConfigInvoker.invokeBeforeGroupsConfigurations(ConfigInvoker.java:150)
at org.testng.internal.invokers.TestInvoker.invokeMethod(TestInvoker.java:585)
at org.testng.internal.invokers.TestInvoker.invokeTestMethod(TestInvoker.java:221)
at org.testng.internal.invokers.MethodRunner.runInSequence(MethodRunner.java:50)
at org.testng.internal.invokers.TestInvoker$MethodInvocationAgent.invoke(TestInvoker.java:969)
at org.testng.internal.invokers.TestInvoker.invokeTestMethods(TestInvoker.java:194)
at org.testng.internal.invokers.TestMethodWorker.invokeTestMethods(TestMethodWorker.java:148)
at org.testng.internal.invokers.TestMethodWorker.run(TestMethodWorker.java:128)
at java.base/java.util.concurrent.ThreadPoolExecutor.runWorker(ThreadPoolExecutor.java:1128)
at java.base/java.util.concurrent.ThreadPoolExecutor$Worker.run(ThreadPoolExecutor.java:628)
at java.base/java.lang.Thread.run(Thread.java:834)
]]>
    </error>
  </testcase> <!-- grouping -->
  <system-out/>
  <testcase classname="com.test.PeopleWaiterPageTest" name="validateTheElementInAddWaiterPopup" time="0.002">
    <skipped/>
  </testcase> <!-- validateTheElementInAddWaiterPopup -->
  <system-out/>
  <testcase classname="com.test.PeopleWaiterPageTest" name="validatenAddWaiterPopUpfields" time="0.590">
    <error message="No valid entries or contents found, this is not a valid OOXML (Office Open XML) file" type="org.apache.poi.openxml4j.exceptions.NotOfficeXmlFileException">
      <![CDATA[org.apache.poi.openxml4j.exceptions.NotOfficeXmlFileException: No valid entries or contents found, this is not a valid OOXML (Office Open XML) file
at org.apache.poi.openxml4j.util.ZipArchiveThresholdInputStream.getNextEntry(ZipArchiveThresholdInputStream.java:156)
at org.apache.poi.openxml4j.util.ZipInputStreamZipEntrySource.<init>(ZipInputStreamZipEntrySource.java:94)
at org.apache.poi.openxml4j.opc.ZipPackage.<init>(ZipPackage.java:132)
at org.apache.poi.openxml4j.opc.OPCPackage.open(OPCPackage.java:319)
at org.apache.poi.ooxml.util.PackageHelper.open(PackageHelper.java:59)
at org.apache.poi.xssf.usermodel.XSSFWorkbook.<init>(XSSFWorkbook.java:290)
at org.apache.poi.xssf.usermodel.XSSFWorkbook.<init>(XSSFWorkbook.java:286)
at com.utils.ExcelUtils.readStringData(ExcelUtils.java:64)
at com.test.PeopleWaiterPageTest.validatenAddWaiterPopUpfields(PeopleWaiterPageTest.java:62)
at java.base/jdk.internal.reflect.NativeMethodAccessorImpl.invoke0(Native Method)
at java.base/jdk.internal.reflect.NativeMethodAccessorImpl.invoke(NativeMethodAccessorImpl.java:62)
at java.base/jdk.internal.reflect.DelegatingMethodAccessorImpl.invoke(DelegatingMethodAccessorImpl.java:43)
at java.base/java.lang.reflect.Method.invoke(Method.java:566)
at org.testng.internal.invokers.MethodInvocationHelper.invokeMethod(MethodInvocationHelper.java:139)
at org.testng.internal.invokers.TestInvoker.invokeMethod(TestInvoker.java:677)
at org.testng.internal.invokers.TestInvoker.invokeTestMethod(TestInvoker.java:221)
at org.testng.internal.invokers.MethodRunner.runInSequence(MethodRunner.java:50)
at org.testng.internal.invokers.TestInvoker$MethodInvocationAgent.invoke(TestInvoker.java:969)
at org.testng.internal.invokers.TestInvoker.invokeTestMethods(TestInvoker.java:194)
at org.testng.internal.invokers.TestMethodWorker.invokeTestMethods(TestMethodWorker.java:148)
at org.testng.internal.invokers.TestMethodWorker.run(TestMethodWorker.java:128)
at java.base/java.util.concurrent.ThreadPoolExecutor.runWorker(ThreadPoolExecutor.java:1128)
at java.base/java.util.concurrent.ThreadPoolExecutor$Worker.run(ThreadPoolExecutor.java:628)
at java.base/java.lang.Thread.run(Thread.java:834)
Caused by: java.util.zip.ZipException: Unexpected record signature: 0X9E740B85
at org.apache.commons.compress.archivers.zip.ZipArchiveInputStream.getNextZipEntry(ZipArchiveInputStream.java:296)
at org.apache.poi.openxml4j.util.ZipArchiveThresholdInputStream.getNextEntry(ZipArchiveThresholdInputStream.java:152)
... 23 more
]]>
    </error>
  </testcase> <!-- validatenAddWaiterPopUpfields -->
  <system-out/>
  <testcase classname="com.test.PeopleWaiterPageTest" name="validateValueEntredInAddWaiterPopUpIsSaved" time="0.001">
    <skipped/>
  </testcase> <!-- validateValueEntredInAddWaiterPopUpIsSaved -->
  <system-out/>
  <testcase classname="com.test.PeopleWaiterPageTest" name="validateEditFunctionOfExistingRecord" time="0.000">
    <skipped/>
  </testcase> <!-- validateEditFunctionOfExistingRecord -->
  <system-out/>
  <testcase classname="com.test.PeopleWaiterPageTest" name="validateDeleteFunctiongOfExistingRecord" time="0.000">
    <skipped/>
  </testcase> <!-- validateDeleteFunctiongOfExistingRecord -->
  <system-out/>
</testsuite> <!-- com.test.PeopleWaiterPageTest -->
