<?xml version="1.0" encoding="UTF-8"?>
<!-- Generated by org.testng.reporters.JUnitReportReporter -->
<testsuite skipped="4" hostname="LAPTOP-SJQUN0GA" name="com.test.ProductPageTest" tests="5" failures="0" timestamp="31 Mar 2023 08:46:11 GMT" time="0.067" errors="1">
  <testcase name="prerun" time="0.066" classname="com.test.ProductPageTest">
    <error type="org.apache.poi.openxml4j.exceptions.InvalidOperationException" message="Can&#039;t open the specified file input stream from file: &#039;C:\Users\hp\git\obsquareSeliniumRepo\Framework\src\test\resources\ RestuarantData.xlsx&#039;">
      <![CDATA[org.apache.poi.openxml4j.exceptions.InvalidOperationException: Can't open the specified file input stream from file: 'C:\Users\hp\git\obsquareSeliniumRepo\Framework\src\test\resources\ RestuarantData.xlsx'
	at org.apache.poi.openxml4j.opc.ZipPackage.openZipEntrySourceStream(ZipPackage.java:188)
	at org.apache.poi.openxml4j.opc.ZipPackage.<init>(ZipPackage.java:175)
	at org.apache.poi.openxml4j.opc.ZipPackage.<init>(ZipPackage.java:149)
	at org.apache.poi.openxml4j.opc.OPCPackage.open(OPCPackage.java:244)
	at org.apache.poi.openxml4j.opc.OPCPackage.open(OPCPackage.java:177)
	at org.apache.poi.ooxml.POIXMLDocument.openPackage(POIXMLDocument.java:88)
	at org.apache.poi.xssf.usermodel.XSSFWorkbook.<init>(XSSFWorkbook.java:332)
	at com.utils.ExcelUtils.<init>(ExcelUtils.java:22)
	at com.test.ProductPageTest.prerun(ProductPageTest.java:32)
	at sun.reflect.NativeMethodAccessorImpl.invoke0(Native Method)
	at sun.reflect.NativeMethodAccessorImpl.invoke(NativeMethodAccessorImpl.java:62)
	at sun.reflect.DelegatingMethodAccessorImpl.invoke(DelegatingMethodAccessorImpl.java:43)
	at java.lang.reflect.Method.invoke(Method.java:498)
	at org.testng.internal.MethodInvocationHelper.invokeMethod(MethodInvocationHelper.java:108)
	at org.testng.internal.Invoker.invokeConfigurationMethod(Invoker.java:523)
	at org.testng.internal.Invoker.invokeConfigurations(Invoker.java:224)
	at org.testng.internal.Invoker.invokeMethod(Invoker.java:599)
	at org.testng.internal.Invoker.invokeTestMethod(Invoker.java:869)
	at org.testng.internal.Invoker.invokeTestMethods(Invoker.java:1193)
	at org.testng.internal.TestMethodWorker.invokeTestMethods(TestMethodWorker.java:126)
	at org.testng.internal.TestMethodWorker.run(TestMethodWorker.java:109)
	at org.testng.TestRunner.privateRun(TestRunner.java:744)
	at org.testng.TestRunner.run(TestRunner.java:602)
	at org.testng.SuiteRunner.runTest(SuiteRunner.java:380)
	at org.testng.SuiteRunner.runSequentially(SuiteRunner.java:375)
	at org.testng.SuiteRunner.privateRun(SuiteRunner.java:340)
	at org.testng.SuiteRunner.run(SuiteRunner.java:289)
	at org.testng.SuiteRunnerWorker.runSuite(SuiteRunnerWorker.java:52)
	at org.testng.SuiteRunnerWorker.run(SuiteRunnerWorker.java:86)
	at org.testng.TestNG.runSuitesSequentially(TestNG.java:1301)
	at org.testng.TestNG.runSuitesLocally(TestNG.java:1226)
	at org.testng.TestNG.runSuites(TestNG.java:1144)
	at org.testng.TestNG.run(TestNG.java:1115)
	at org.testng.remote.AbstractRemoteTestNG.run(AbstractRemoteTestNG.java:132)
	at org.testng.remote.RemoteTestNG.initAndRun(RemoteTestNG.java:230)
	at org.testng.remote.RemoteTestNG.main(RemoteTestNG.java:76)
Caused by: java.io.FileNotFoundException: C:\Users\hp\git\obsquareSeliniumRepo\Framework\src\test\resources\ RestuarantData.xlsx (The system cannot find the file specified)
	at java.io.FileInputStream.open0(Native Method)
	at java.io.FileInputStream.open(FileInputStream.java:195)
	at java.io.FileInputStream.<init>(FileInputStream.java:138)
	at org.apache.poi.openxml4j.opc.ZipPackage.openZipEntrySourceStream(ZipPackage.java:185)
	... 35 more
]]>
    </error>
  </testcase> <!-- prerun -->
  <testcase name="validateTheElementInAddProductPopup" time="0.001" classname="com.test.ProductPageTest">
    <skipped/>
  </testcase> <!-- validateTheElementInAddProductPopup -->
  <testcase name="validateValueEntredInAddProductPopUpIsSaved" time="0.000" classname="com.test.ProductPageTest">
    <skipped/>
  </testcase> <!-- validateValueEntredInAddProductPopUpIsSaved -->
  <testcase name="validateEditFunctionOfExistingRecord" time="0.000" classname="com.test.ProductPageTest">
    <skipped/>
  </testcase> <!-- validateEditFunctionOfExistingRecord -->
  <testcase name="validateDeleteFunctiongOfExistingRecord" time="0.000" classname="com.test.ProductPageTest">
    <skipped/>
  </testcase> <!-- validateDeleteFunctiongOfExistingRecord -->
</testsuite> <!-- com.test.ProductPageTest -->
