<?xml version="1.0" encoding="UTF-8"?>
<!-- Generated by org.testng.reporters.JUnitReportReporter -->
<testsuite hostname="LAPTOP-SJQUN0GA" failures="0" tests="1" name="com.test.HomePageTest" time="48.069" errors="0" timestamp="2023-05-10T00:43:03 IST" skipped="0">
  <testcase classname="com.test.HomePageTest" name="validateMenuLinksDisplayedInHomePage" time="48.069"/>
  <system-out/>
</testsuite> <!-- com.test.HomePageTest -->
