<?xml version="1.0" encoding="UTF-8"?>
<!-- Generated by org.testng.reporters.JUnitReportReporter -->
<testsuite hostname="LAPTOP-SJQUN0GA" failures="0" tests="5" name="com.test.PeopleWaiterPageTest" time="0.004" errors="0" timestamp="2023-05-01T14:29:15 IST" skipped="5">
  <testcase classname="com.test.PeopleWaiterPageTest" name="validateTheElementInAddWaiterPopup" time="0.004">
    <skipped/>
  </testcase> <!-- validateTheElementInAddWaiterPopup -->
  <system-out/>
  <testcase classname="com.test.PeopleWaiterPageTest" name="validatenAddWaiterPopUpfields" time="0.000">
    <skipped/>
  </testcase> <!-- validatenAddWaiterPopUpfields -->
  <system-out/>
  <testcase classname="com.test.PeopleWaiterPageTest" name="validateValueEntredInAddWaiterPopUpIsSaved" time="0.000">
    <skipped/>
  </testcase> <!-- validateValueEntredInAddWaiterPopUpIsSaved -->
  <system-out/>
  <testcase classname="com.test.PeopleWaiterPageTest" name="validateEditFunctionOfExistingRecord" time="0.000">
    <skipped/>
  </testcase> <!-- validateEditFunctionOfExistingRecord -->
  <system-out/>
  <testcase classname="com.test.PeopleWaiterPageTest" name="validateDeleteFunctiongOfExistingRecord" time="0.000">
    <skipped/>
  </testcase> <!-- validateDeleteFunctiongOfExistingRecord -->
  <system-out/>
</testsuite> <!-- com.test.PeopleWaiterPageTest -->
