<?xml version="1.0" encoding="UTF-8"?>
<!-- Generated by org.testng.reporters.JUnitReportReporter -->
<testsuite hostname="LAPTOP-SJQUN0GA" failures="0" tests="5" name="com.test.PeopleCoustomerPageTest" time="0.001" errors="0" timestamp="2023-05-01T14:29:15 IST" skipped="5">
  <testcase classname="com.test.PeopleCoustomerPageTest" name="validateTheElementInAddCustomerPopup" time="0.000">
    <skipped/>
  </testcase> <!-- validateTheElementInAddCustomerPopup -->
  <system-out/>
  <testcase classname="com.test.PeopleCoustomerPageTest" name="validateAddCustomerPopUpfields" time="0.000">
    <skipped/>
  </testcase> <!-- validateAddCustomerPopUpfields -->
  <system-out/>
  <testcase classname="com.test.PeopleCoustomerPageTest" name="validateValueEntredInAddWaiterPopUpIsSaved" time="0.001">
    <skipped/>
  </testcase> <!-- validateValueEntredInAddWaiterPopUpIsSaved -->
  <system-out/>
  <testcase classname="com.test.PeopleCoustomerPageTest" name="modifyTheExistingRecordOfStores" time="0.000">
    <skipped/>
  </testcase> <!-- modifyTheExistingRecordOfStores -->
  <system-out/>
  <testcase classname="com.test.PeopleCoustomerPageTest" name="validateDeleteFunctiongOfExistingRecord" time="0.000">
    <skipped/>
  </testcase> <!-- validateDeleteFunctiongOfExistingRecord -->
  <system-out/>
</testsuite> <!-- com.test.PeopleCoustomerPageTest -->
