<?xml version="1.0" encoding="UTF-8"?>
<!-- Generated by org.testng.reporters.JUnitReportReporter -->
<testsuite skipped="0" hostname="LAPTOP-SJQUN0GA" name="com.test.HomePageTest" tests="1" failures="0" timestamp="11 Mar 2023 04:25:21 GMT" time="14.717" errors="0">
  <testcase name="validateMenuLinksDisplayedInHomePage" time="14.717" classname="com.test.HomePageTest"/>
</testsuite> <!-- com.test.HomePageTest -->
