<?xml version="1.0" encoding="UTF-8"?>
<!-- Generated by org.testng.reporters.JUnitReportReporter -->
<testsuite hostname="LAPTOP-SJQUN0GA" failures="0" tests="1" name="com.test.LoginPageTest" time="5.149" errors="0" timestamp="2023-05-12T02:36:40 IST" skipped="0">
  <testcase classname="com.test.LoginPageTest" name="validateLogin" time="5.149"/>
  <system-out/>
</testsuite> <!-- com.test.LoginPageTest -->
