<?xml version="1.0" encoding="UTF-8"?>
<!-- Generated by org.testng.reporters.JUnitReportReporter -->
<testsuite hostname="LAPTOP-SJQUN0GA" failures="0" tests="5" name="com.test.PeopleSupplierPageTest" time="0.002" errors="0" timestamp="2023-05-01T14:29:15 IST" skipped="5">
  <testcase classname="com.test.PeopleSupplierPageTest" name="validateTheElementInAddSupplierPopup" time="0.000">
    <skipped/>
  </testcase> <!-- validateTheElementInAddSupplierPopup -->
  <system-out/>
  <testcase classname="com.test.PeopleSupplierPageTest" name="validateAddSupplierPopUpfields" time="0.000">
    <skipped/>
  </testcase> <!-- validateAddSupplierPopUpfields -->
  <system-out/>
  <testcase classname="com.test.PeopleSupplierPageTest" name="validateValueEntredInAddSupplierPopUpIsSaved" time="0.002">
    <skipped/>
  </testcase> <!-- validateValueEntredInAddSupplierPopUpIsSaved -->
  <system-out/>
  <testcase classname="com.test.PeopleSupplierPageTest" name="modifyTheExistingRecordOfSupplier" time="0.000">
    <skipped/>
  </testcase> <!-- modifyTheExistingRecordOfSupplier -->
  <system-out/>
  <testcase classname="com.test.PeopleSupplierPageTest" name="validateDeleteFunctiongOfExistingRecord" time="0.000">
    <skipped/>
  </testcase> <!-- validateDeleteFunctiongOfExistingRecord -->
  <system-out/>
</testsuite> <!-- com.test.PeopleSupplierPageTest -->
