<?xml version="1.0" encoding="UTF-8"?>
<!-- Generated by org.testng.reporters.JUnitReportReporter -->
<testsuite hostname="LAPTOP-SJQUN0GA" failures="0" tests="1" name="com.test.HomePageTest" time="18.147" errors="0" timestamp="2023-05-11T17:27:51 IST" skipped="0">
  <testcase classname="com.test.HomePageTest" name="validateMenuLinksDisplayedInHomePage" time="18.147"/>
  <system-out/>
</testsuite> <!-- com.test.HomePageTest -->
